Build started 28/01/2018 14:37:09.
     1>Project "C:\Users\ailto\Documents\Visual Studio 2010\Projects\eXait_TLSDetectPin\TLS_DetectPin_V1\TLS_DetectPin_V1.vcxproj" on node 2 (build target(s)).
     1>InitializeBuildStatus:
         Creating "Debug\eXait_TLSDetectPin.unsuccessfulbuild" because "AlwaysCreate" was specified.
       ClCompile:
         C:\Program Files (x86)\Microsoft Visual Studio 10.0\VC\bin\CL.exe /c /ZI /nologo /W3 /WX- /Od /Oy- /D WIN32 /D _DEBUG /D _CONSOLE /D _WINDLL /D _UNICODE /D UNICODE /Gm /EHsc /RTC1 /MT /GS /fp:precise /Zc:wchar_t /Zc:forScope /Fo"Debug\\" /Fd"Debug\vc100.pdb" /Gd /TP /analyze- /errorReport:prompt TLS_DetectPin.cpp
         TLS_DetectPin.cpp
       ManifestResourceCompile:
         All outputs are up-to-date.
       Link:
         C:\Program Files (x86)\Microsoft Visual Studio 10.0\VC\bin\link.exe /ERRORREPORT:PROMPT /OUT:"C:\Users\ailto\Documents\Visual Studio 2010\Projects\eXait_TLSDetectPin\Debug\eXait_TLSDetectPin.dll" /INCREMENTAL /NOLOGO /MANIFEST /ManifestFile:"Debug\eXait_TLSDetectPin.dll.intermediate.manifest" /MANIFESTUAC:"level='asInvoker' uiAccess='false'" /DEBUG /PDB:"C:\Users\ailto\Documents\Visual Studio 2010\Projects\eXait_TLSDetectPin\Debug\eXait_TLSDetectPin.pdb" /SUBSYSTEM:CONSOLE /TLBID:1 /DYNAMICBASE /NXCOMPAT /IMPLIB:"C:\Users\ailto\Documents\Visual Studio 2010\Projects\eXait_TLSDetectPin\Debug\eXait_TLSDetectPin.lib" /MACHINE:X86 /DLL Debug\eXait_TLSDetectPin.dll.embed.manifest.res
         Debug\TLS_DetectPin.obj
       Manifest:
         C:\Program Files (x86)\Microsoft SDKs\Windows\v7.0A\bin\mt.exe /nologo /verbose /out:"Debug\eXait_TLSDetectPin.dll.embed.manifest" /manifest Debug\eXait_TLSDetectPin.dll.intermediate.manifest "C:\Program Files (x86)\Microsoft Visual Studio 10.0\VC\Include\Manifest\dpiaware.manifest"
         All outputs are up-to-date.
       LinkEmbedManifest:
         All outputs are up-to-date.
         TLS_DetectPin_V1.vcxproj -> C:\Users\ailto\Documents\Visual Studio 2010\Projects\eXait_TLSDetectPin\Debug\eXait_TLSDetectPin.dll
       FinalizeBuildStatus:
         Deleting file "Debug\eXait_TLSDetectPin.unsuccessfulbuild".
         Touching "Debug\eXait_TLSDetectPin.lastbuildstate".
     1>Done Building Project "C:\Users\ailto\Documents\Visual Studio 2010\Projects\eXait_TLSDetectPin\TLS_DetectPin_V1\TLS_DetectPin_V1.vcxproj" (build target(s)).

Build succeeded.

Time Elapsed 00:00:01.82
